Ansys Lumerical 2020 R2.4 FDTD Solver Version 8.24.2502 (Windows 64bit)
 expires (month/day/year): 12/31/2035
using config file: Ansys Licensing set with ANSYSLMD_LICENSE_FILE
license host: 
current time: Thu Sep  4 05:34:15 2025
Running on host: DESKTOP-TNF1AF3
host available memory (GB): 14.266790
All processes are communicating and ready to proceed to simulation...
Running fsp file: C:\Program Files\Lumerical\v202\bin\fdtd-engine-msmpi.exe -t 1 -remote C:/Users/Lenovo/3D Objects/EMON/Git/Lumerical/Lumerical/FDTD/Nanophotonic scattering/nanophotonics_scattering.fsp
number of processors is 4
processors are distributed as: 1x2x2
Running 3D Simulation
Starting meshing
Simulation size in gridpoints: 96 x 49 x 49
Refined 0 mesh cells (0%)
Completed meshing!
Meshing complete in 0.234375 seconds of CPU time
40896 40896
Starting meshing
Simulation size in gridpoints: 96 x 49 x 49
Refined 0 mesh cells (0%)
Completed meshing!
Meshing complete in 0.21875 seconds of CPU time
42864 42864
Starting meshing
Simulation size in gridpoints: 96 x 49 x 49
Refined 0 mesh cells (0%)
Completed meshing!
Meshing complete in 0.1875 seconds of CPU time
42864 42864
finished material properties
Meshing Time: 0.520035 seconds, Init Electrical Material Time: 0.0701239 seconds, Init Magnetic Material Time: 0.0017036
Using selected optimization level: 2
Selecting 3d kernel for splitFieldDirection=0 and optLevel=2
-----------------------------------------
Beginning initialization of 3D Simulation
Starting to add sources to simulation
Adding 3D TFSF source propagating in X
snapPEC is a duplicate key.
Starting meshing
Simulation size in gridpoints: 227 x 3 x 3
Refined 0 mesh cells (0%)
Completed meshing!
Meshing complete in 0 seconds of CPU time
0 0
Starting meshing
Simulation size in gridpoints: 227 x 3 x 3
Refined 0 mesh cells (0%)
Completed meshing!
Meshing complete in 0 seconds of CPU time
0 0
Starting meshing
Simulation size in gridpoints: 227 x 3 x 3
Refined 0 mesh cells (0%)
Completed meshing!
Meshing complete in 0 seconds of CPU time
0 0
finished material properties
Meshing Time: 0.001713 seconds, Init Electrical Material Time: 0.0003439 seconds, Init Magnetic Material Time: 7.9e-06
Using selected optimization level: 2
Selecting 3d kernel for splitFieldDirection=0 and optLevel=2
Starting to add boundary conditions to simulation
Adding 3D PML BC
Adding 3D PML BC
Adding 3D PML BC
Adding 3D Parallel BC
Adding 3D PML BC
Adding 3D Parallel BC
Starting to add monitors to Simulation
Adding analysis monitor
Adding 3D movie monitor
Adding 3D DFT monitor
Adding analysis monitor
Adding 3D DFT monitor
Adding 3D DFT monitor
Adding 3D DFT monitor
Adding 3D DFT monitor
Adding 3D DFT monitor
Adding 3D DFT monitor
Adding analysis monitor
Adding 3D DFT monitor
Adding 3D DFT monitor
Adding 3D DFT monitor
Adding 3D DFT monitor
Adding 3D DFT monitor
Adding 3D DFT monitor
Finished initialization of 3D Simulation
-----------------------------------------
All processes are communicating and ready to proceed to simulation...
Starting 209800 total iterations
0.0228789% complete. Max time remaining: 1 hr, 1 min, 40 secs. Auto Shutoff: 1
1.02955% complete. Max time remaining: 54 mins, 31 secs. Auto Shutoff: 0.00140194
100% complete. Max time remaining: 0 mins, 0 secs. Auto Shutoff: 9.21418e-06
Early termination of simulation, the autoshutoff criteria are satisfied.
Completed 3904 iterations, or 1.860817e-14s of Simulation Time
Process 0 starting to collect data
    collecting monitor data
    collecting source data
snapPEC is a duplicate key.
Starting meshing
Simulation size in gridpoints: 227 x 3 x 3
Refined 0 mesh cells (0.000000e+00%)
Completed meshing!
Meshing complete in 0.000000e+00 seconds of CPU time
0 0
Starting meshing
Simulation size in gridpoints: 227 x 3 x 3
Refined 0 mesh cells (0.000000e+00%)
Completed meshing!
Meshing complete in 0.000000e+00 seconds of CPU time
0 0
Starting meshing
Simulation size in gridpoints: 227 x 3 x 3
Refined 0 mesh cells (0.000000e+00%)
Completed meshing!
Meshing complete in 0.000000e+00 seconds of CPU time
0 0
finished material properties
Meshing Time: 3.641100e-03 seconds, Init Electrical Material Time: 3.677000e-04 seconds, Init Magnetic Material Time: 9.900000e-06
Using selected optimization level: 0
Selecting 3d kernel for splitFieldDirection=0 and optLevel=0
Finished collecting data
Simulation completed successfully at: Thu Sep  4 05:35:20 2025
Overall wall time measurements in seconds: 67.9114
    time to mesh and initialize: 1.11075
    time to run FDTD simulation: 61.692
    time to checkpoint simulation: 4e-07
    time to finalize data and save to files: 2.63584
    miscellaneous time: 2.47272
    FDTD solver speed on process 0: 14.5863 Mnodes/s
    total FDTD solver speed on 4 processes: 58.3451 Mnodes/s
