Ansys Lumerical 2020 R2.4 FDTD Solver Version 8.24.2502 (Windows 64bit)
 expires (month/day/year): 12/31/2035
using config file: Ansys Licensing set with ANSYSLMD_LICENSE_FILE
license host: 
current time: Sun Sep  1 17:04:56 2024
Running on host: DESKTOP-TNF1AF3
host available memory (GB): 13.675852
All processes are communicating and ready to proceed to simulation...
Running fsp file: C:\Program Files\Lumerical\v202\bin\fdtd-engine-msmpi.exe -t 1 -remote C:/Users/Lenovo/Desktop/EMON/Lumerical/FDTD/nanophotonic_scattering/scattering_computation_nanophotonics.fsp
number of processors is 4
processors are distributed as: 1x2x2
Running 3D Simulation
Starting meshing
Simulation size in gridpoints: 96 x 49 x 49
Refined 0 mesh cells (0%)
Completed meshing!
Meshing complete in 0.328125 seconds of CPU time
40896 40896
Starting meshing
Simulation size in gridpoints: 96 x 49 x 49
Refined 0 mesh cells (0%)
Completed meshing!
Meshing complete in 0.3125 seconds of CPU time
42864 42864
Starting meshing
Simulation size in gridpoints: 96 x 49 x 49
Refined 0 mesh cells (0%)
Completed meshing!
Meshing complete in 0.28125 seconds of CPU time
42864 42864
finished material properties
Meshing Time: 0.637379 seconds, Init Electrical Material Time: 0.0698532 seconds, Init Magnetic Material Time: 0.0005712
Using selected optimization level: 2
Selecting 3d kernel for splitFieldDirection=0 and optLevel=2
-----------------------------------------
Beginning initialization of 3D Simulation
Starting to add sources to simulation
Adding 3D TFSF source propagating in X
snapPEC is a duplicate key.
Starting meshing
Simulation size in gridpoints: 227 x 3 x 3
Refined 0 mesh cells (0%)
Completed meshing!
Meshing complete in 0 seconds of CPU time
0 0
Starting meshing
Simulation size in gridpoints: 227 x 3 x 3
Refined 0 mesh cells (0%)
Completed meshing!
Meshing complete in 0 seconds of CPU time
0 0
Starting meshing
Simulation size in gridpoints: 227 x 3 x 3
Refined 0 mesh cells (0%)
Completed meshing!
Meshing complete in 0 seconds of CPU time
0 0
finished material properties
Meshing Time: 0.0008993 seconds, Init Electrical Material Time: 0.0002061 seconds, Init Magnetic Material Time: 5.1e-06
Using selected optimization level: 2
Selecting 3d kernel for splitFieldDirection=0 and optLevel=2
Starting to add boundary conditions to simulation
Adding 3D PML BC
Adding 3D PML BC
Adding 3D PML BC
Adding 3D Parallel BC
Adding 3D PML BC
Adding 3D Parallel BC
Starting to add monitors to Simulation
Adding analysis monitor
Adding 3D movie monitor
Adding 3D DFT monitor
Finished initialization of 3D Simulation
-----------------------------------------
All processes are communicating and ready to proceed to simulation...
Starting 209800 total iterations
0.0228789% complete. Max time remaining: 35 mins, 49 secs. Auto Shutoff: 1
1.02955% complete. Max time remaining: 37 mins, 10 secs. Auto Shutoff: 0.00140194
100% complete. Max time remaining: 0 mins, 0 secs. Auto Shutoff: 9.21418e-06
Early termination of simulation, the autoshutoff criteria are satisfied.
Completed 3904 iterations, or 1.860817e-14s of Simulation Time
Process 0 starting to collect data
    collecting monitor data
    collecting source data
snapPEC is a duplicate key.
Starting meshing
Simulation size in gridpoints: 227 x 3 x 3
Refined 0 mesh cells (0.000000e+00%)
Completed meshing!
Meshing complete in 0.000000e+00 seconds of CPU time
0 0
Starting meshing
Simulation size in gridpoints: 227 x 3 x 3
Refined 0 mesh cells (0.000000e+00%)
Completed meshing!
Meshing complete in 0.000000e+00 seconds of CPU time
0 0
Starting meshing
Simulation size in gridpoints: 227 x 3 x 3
Refined 0 mesh cells (0.000000e+00%)
Completed meshing!
Meshing complete in 0.000000e+00 seconds of CPU time
0 0
finished material properties
Meshing Time: 4.399800e-03 seconds, Init Electrical Material Time: 3.682000e-04 seconds, Init Magnetic Material Time: 7.600000e-06
Using selected optimization level: 0
Selecting 3d kernel for splitFieldDirection=0 and optLevel=0
Finished collecting data
Simulation completed successfully at: Sun Sep  1 17:05:40 2024
Overall wall time measurements in seconds: 45.6056
    time to mesh and initialize: 1.13027
    time to run FDTD simulation: 42.7005
    time to checkpoint simulation: 2e-07
    time to finalize data and save to files: 0.0672771
    miscellaneous time: 1.70748
    FDTD solver speed on process 0: 21.0737 Mnodes/s
    total FDTD solver speed on 4 processes: 84.2947 Mnodes/s
