Ansys Lumerical 2020 R2.4 FDTD Solver Version 8.24.2502 (Windows 64bit)
 expires (month/day/year): 12/31/2035
using config file: Ansys Licensing set with ANSYSLMD_LICENSE_FILE
license host: 
current time: Fri Sep  5 15:32:49 2025
Running on host: DESKTOP-TNF1AF3
host available memory (GB): 13.014893
All processes are communicating and ready to proceed to simulation...
Running fsp file: C:\Program Files\Lumerical\v202\bin\fdtd-engine-msmpi.exe -t 1 -remote C:/Users/Lenovo/3D Objects/EMON/Git/Lumerical/Lumerical/FDTD/Nanophotonic scattering/nanophotonic_scattering_obtained_via_lumapi/GoldSphere.fsp
number of processors is 4
processors are distributed as: 1x2x2
Running 3D Simulation
Starting meshing
Simulation size in gridpoints: 112 x 57 x 57
Refined 0 mesh cells (0%)
Completed meshing!
Meshing complete in 0.234375 seconds of CPU time
40896 40896
Starting meshing
Simulation size in gridpoints: 112 x 57 x 57
Refined 0 mesh cells (0%)
Completed meshing!
Meshing complete in 0.21875 seconds of CPU time
42864 42864
Starting meshing
Simulation size in gridpoints: 112 x 57 x 57
Refined 0 mesh cells (0%)
Completed meshing!
Meshing complete in 0.21875 seconds of CPU time
42864 42864
finished material properties
Meshing Time: 0.521358 seconds, Init Electrical Material Time: 0.0830648 seconds, Init Magnetic Material Time: 0.0011689
Using selected optimization level: 2
Selecting 3d kernel for splitFieldDirection=0 and optLevel=2
-----------------------------------------
Beginning initialization of 3D Simulation
Starting to add sources to simulation
Adding 3D TFSF source propagating in X
snapPEC is a duplicate key.
Starting meshing
Simulation size in gridpoints: 243 x 3 x 3
Refined 0 mesh cells (0%)
Completed meshing!
Meshing complete in 0 seconds of CPU time
0 0
Starting meshing
Simulation size in gridpoints: 243 x 3 x 3
Refined 0 mesh cells (0%)
Completed meshing!
Meshing complete in 0 seconds of CPU time
0 0
Starting meshing
Simulation size in gridpoints: 243 x 3 x 3
Refined 0 mesh cells (0%)
Completed meshing!
Meshing complete in 0 seconds of CPU time
0 0
finished material properties
Meshing Time: 0.0024273 seconds, Init Electrical Material Time: 0.0004362 seconds, Init Magnetic Material Time: 9.1e-06
Using selected optimization level: 2
Selecting 3d kernel for splitFieldDirection=0 and optLevel=2
Starting to add boundary conditions to simulation
Adding 3D PML BC
Adding 3D PML BC
Adding 3D PML BC
Adding 3D Parallel BC
Adding 3D PML BC
Adding 3D Parallel BC
Starting to add monitors to Simulation
Adding analysis monitor
Adding 3D movie monitor
Adding 3D DFT monitor
Finished initialization of 3D Simulation
-----------------------------------------
All processes are communicating and ready to proceed to simulation...
Starting 104900 total iterations
0.0457578% complete. Max time remaining: 31 mins, 36 secs. Auto Shutoff: 1
1.08293% complete. Max time remaining: 33 mins, 56 secs. Auto Shutoff: 1
2.12011% complete. Max time remaining: 34 mins, 54 secs. Auto Shutoff: 0.000482663
3.12678% complete. Max time remaining: 35 mins, 43 secs. Auto Shutoff: 1.74059e-05
4.16396% complete. Max time remaining: 35 mins, 22 secs. Auto Shutoff: 1.7031e-05
100% complete. Max time remaining: 0 mins, 0 secs. Auto Shutoff: 6.30378e-06
Early termination of simulation, the autoshutoff criteria are satisfied.
Completed 4815 iterations, or 2.295039e-14s of Simulation Time
Process 0 starting to collect data
    collecting monitor data
    collecting source data
snapPEC is a duplicate key.
Starting meshing
Simulation size in gridpoints: 243 x 3 x 3
Refined 0 mesh cells (0.000000e+00%)
Completed meshing!
Meshing complete in 0.000000e+00 seconds of CPU time
0 0
Starting meshing
Simulation size in gridpoints: 243 x 3 x 3
Refined 0 mesh cells (0.000000e+00%)
Completed meshing!
Meshing complete in 0.000000e+00 seconds of CPU time
0 0
Starting meshing
Simulation size in gridpoints: 243 x 3 x 3
Refined 0 mesh cells (0.000000e+00%)
Completed meshing!
Meshing complete in 0.000000e+00 seconds of CPU time
0 0
finished material properties
Meshing Time: 2.286500e-03 seconds, Init Electrical Material Time: 3.857000e-04 seconds, Init Magnetic Material Time: 9.200000e-06
Using selected optimization level: 0
Selecting 3d kernel for splitFieldDirection=0 and optLevel=0
Finished collecting data
Simulation completed successfully at: Fri Sep  5 15:34:31 2025
Overall wall time measurements in seconds: 104.222
    time to mesh and initialize: 1.01035
    time to run FDTD simulation: 100.2
    time to checkpoint simulation: 3e-07
    time to finalize data and save to files: 0.710555
    miscellaneous time: 2.30058
    FDTD solver speed on process 0: 17.4862 Mnodes/s
    total FDTD solver speed on 4 processes: 69.9449 Mnodes/s
