Ansys Lumerical 2020 R2.4 FDTD Solver Version 8.24.2502 (Windows 64bit)
 expires (month/day/year): 12/31/2035
using config file: Ansys Licensing set with ANSYSLMD_LICENSE_FILE
license host: 
current time: Sun Oct  6 10:37:26 2024
Running on host: DESKTOP-TNF1AF3
host available memory (GB): 14.003372
All processes are communicating and ready to proceed to simulation...
Running fsp file: C:\Program Files\Lumerical\v202\bin\fdtd-engine-msmpi.exe -t 1 -remote C:/Users/Lenovo/Desktop/EMON/Lumerical/FDTD/Slab Waveguide/slab_waveguide.fsp
Starting meshing
Simulation size in gridpoints: 1 x 34 x 1
Refined 0 mesh cells (0%)
Completed meshing!
Meshing complete in 0 seconds of CPU time
Starting meshing
Simulation size in gridpoints: 1 x 34 x 1
Refined 0 mesh cells (0%)
Completed meshing!
Meshing complete in 0 seconds of CPU time
Starting meshing
Simulation size in gridpoints: 1 x 34 x 1
Refined 0 mesh cells (0%)
Completed meshing!
Meshing complete in 0 seconds of CPU time
number of processors is 4
processors are distributed as: 2x2x1
Running 2D Simulation
Starting meshing
Simulation size in gridpoints: 43 x 25 x 1
Refined 0 mesh cells (0%)
Completed meshing!
Meshing complete in 0 seconds of CPU time
0 0
Starting meshing
Simulation size in gridpoints: 43 x 25 x 1
Refined 0 mesh cells (0%)
Completed meshing!
Meshing complete in 0 seconds of CPU time
0 0
finished material properties
Selected kernel with optimization level: 2 and split-field propagation direction: 0
Starting meshing
Simulation size in gridpoints: 43 x 25 x 1
Refined 0 mesh cells (0%)
Completed meshing!
Meshing complete in 0 seconds of CPU time
0 0
Selected kernel with optimization level: 2 and split-field propagation direction: 0
-----------------------------------------
Beginning initialization of 2D FDTD Simulation
  Including TM Simulation
Starting to add sources to simulation

Adding Mode source propagating in X
Starting to add boundary conditions to simulation
Adding PML BC
Adding parallel BC
Adding PML BC
Adding parallel BC
Starting to add monitors to Simulation
Adding analysis monitor
Adding frequency monitor
Adding movie monitor
Finished initialization of 2D Simulation
-----------------------------------------
All processes are communicating and ready to proceed to simulation...
Starting 16214 total iterations
0.296041% complete. Max time remaining: 1 min, 8 secs. Auto Shutoff: 1
1.48021% complete. Max time remaining: 1 min, 11 secs. Auto Shutoff: 1
3.05909% complete. Max time remaining: 1 min, 9 secs. Auto Shutoff: 0.000824935
100% complete. Max time remaining: 0 mins, 0 secs. Auto Shutoff: 3.84617e-06
Early termination of simulation, the autoshutoff criteria are satisfied.
Completed 646 iterations, or 3.984224e-14s of Simulation Time
Process 0 starting to collect data
    collecting TM monitor data
    collecting TE monitor data
    collecting TM source data
    collecting TE source data
Finished collecting data
Simulation completed successfully at: Sun Oct  6 10:37:30 2024
Overall wall time measurements in seconds: 5.03266
    time to mesh and initialize: 0.0644899
    time to run FDTD simulation: 2.80399
    time to checkpoint simulation: 3e-07
    time to finalize data and save to files: 0.0566052
    miscellaneous time: 2.10754
    FDTD solver speed on process 0: 0.247665 Mnodes/s
    total FDTD solver speed on 4 processes: 0.990661 Mnodes/s
